[29016:22324:1128/221735.381:INFO:components\enterprise\browser\controller\chrome_browser_cloud_management_controller.cc:206] No machine level policy manager exists.
[24748:13552:1128/221735.502:INFO:third_party\webrtc\rtc_base\cpu_info.cc:75] Available number of cores: 16
[19044:24160:1128/221735.502:INFO:third_party\webrtc\rtc_base\cpu_info.cc:75] Available number of cores: 16
[6872:2836:1128/221737.041:VERBOSE1:components\viz\service\main\viz_main_impl.cc:86] VizNullHypothesis is disabled (not a warning)
[32460:31088:1128/221737.222:INFO:third_party\webrtc\rtc_base\cpu_info.cc:75] Available number of cores: 16
[16048:31076:1128/221737.308:INFO:third_party\webrtc\rtc_base\cpu_info.cc:75] Available number of cores: 16
[16632:5964:1128/221737.872:INFO:third_party\webrtc\rtc_base\cpu_info.cc:75] Available number of cores: 16
[19936:30112:1128/221738.371:INFO:third_party\webrtc\rtc_base\cpu_info.cc:75] Available number of cores: 16
[28208:9684:1128/221738.453:INFO:third_party\webrtc\rtc_base\cpu_info.cc:75] Available number of cores: 16
[29016:22324:1128/221738.633:INFO:CONSOLE:327] "Permissions policy violation: unload is not allowed in this document.", source: https://static.xx.fbcdn.net/rsrc.php/v4/yl/r/8WauLuHIUmG.js (327)
[24500:7596:1128/221738.867:INFO:third_party\webrtc\rtc_base\cpu_info.cc:75] Available number of cores: 16
[29016:22324:1128/221739.307:INFO:CONSOLE:252] "
%c¡Detente! font-family:helvetica; font-size:20px; font-size:50px; font-weight:bold; color:red; -webkit-text-stroke:1px black;", source: https://static.xx.fbcdn.net/rsrc.php/v4/yT/r/8yNO8_bdkAd.js (252)
[29016:22324:1128/221739.307:INFO:CONSOLE:252] "
%cEsta función del navegador está pensada para desarrolladores. Si alguien te ha indicado que copiaras y pegaras algo aquí para habilitar una función de Facebook o para "hackear" la cuenta de alguien, se trata de un fraude. Si lo haces, esta persona podrá acceder a tu cuenta. font-family:helvetica; font-size:20px; ", source: https://static.xx.fbcdn.net/rsrc.php/v4/yT/r/8yNO8_bdkAd.js (252)
[29016:22324:1128/221739.307:INFO:CONSOLE:252] "
%cVer https://www.facebook.com/selfxss para obtener más información. font-family:helvetica; font-size:20px; ", source: https://static.xx.fbcdn.net/rsrc.php/v4/yT/r/8yNO8_bdkAd.js (252)
[29016:22324:1128/221739.307:INFO:CONSOLE:252] "
%c ", source: https://static.xx.fbcdn.net/rsrc.php/v4/yT/r/8yNO8_bdkAd.js (252)
[29016:11008:1128/221743.690:ERROR:google_apis\gcm\engine\registration_request.cc:292] Registration response error message: DEPRECATED_ENDPOINT
[15816:30728:1128/221758.819:WARNING:net\extras\sqlite\sqlite_persistent_store_backend_base.cc:176] Failed to post task from FlushAndNotifyInBackground@net\extras\sqlite\sqlite_persistent_store_backend_base.cc:226 to client_task_runner_.
[15816:30728:1128/221758.819:WARNING:net\extras\sqlite\sqlite_persistent_store_backend_base.cc:176] Failed to post task from FlushAndNotifyInBackground@net\extras\sqlite\sqlite_persistent_store_backend_base.cc:226 to client_task_runner_.
